13-January-2024	21:20:23 ----- UID: 398ef89c-79dd-40f2-abf9-f7c73c85749b / -- GET -- a is not defined
14-January-2024	02:21:08 ----- UID: ab6eb524-de85-45c0-b8a9-ca2fbb368eb5 /api/v1/shop/signup -- POST -- Shop is already registered
14-January-2024	12:38:09 ----- UID: bcb5d81a-6df7-4419-9075-1ee0a9a24647 /api/v1/shop/logout -- POST -- Cannot read properties of undefined (reading '_id')
14-January-2024	12:38:19 ----- UID: 08e7cdc5-ad25-4530-ae8f-b413932d8ab9 /api/v1/shop/logout -- POST -- Cannot read properties of undefined (reading '_id')
14-January-2024	12:51:37 ----- UID: f725f7fd-cc4b-47a6-a53b-6011871e3565 /api/v1/shop/logout -- POST -- Invalid user ID
14-January-2024	12:52:03 ----- UID: 1bdddfa9-e52f-4c3d-81fe-93a881f099bc /api/v1/shop/logout -- POST -- Invalid user ID
14-January-2024	12:53:10 ----- UID: 36191266-31b9-4ff6-9517-7e42f7b7597f /api/v1/shop/signin -- POST -- Cannot read properties of undefined (reading 'refreshToken')
14-January-2024	12:54:07 ----- UID: 3b0300c9-71d6-48e8-8eea-4757fa754c32 /api/v1/shop/signin -- POST -- Cannot read properties of undefined (reading 'refreshToken')
14-January-2024	12:54:09 ----- UID: 30ee0b7f-a23d-4ca5-902c-b58dc8fa31a7 /api/v1/shop/signin -- POST -- Cannot read properties of undefined (reading 'refreshToken')
14-January-2024	12:56:22 ----- UID: eb45403f-43d4-4643-b0b5-f7e94df54d85 /api/v1/shop/logout -- POST -- Invalid request
14-January-2024	12:56:24 ----- UID: bd02d714-37af-4065-89fd-8f8e3213f95e /api/v1/shop/logout -- POST -- Invalid request
14-January-2024	12:57:08 ----- UID: b2115ce7-ff63-471f-823c-95e905585f7d /api/v1/shop/logout -- POST -- Invalid userID
14-January-2024	12:57:08 ----- UID: dc36b8c3-9b63-4c64-9781-fb77a6645702 /api/v1/shop/logout -- POST -- Invalid userID
14-January-2024	12:57:11 ----- UID: 41108057-d2ad-4cd7-b466-bd243461e1df /api/v1/shop/logout -- POST -- Invalid userID
14-January-2024	12:57:13 ----- UID: b1848fe6-1da4-4b7f-bc12-43ee18f5391a /api/v1/shop/logout -- POST -- Invalid userID
14-January-2024	12:57:22 ----- UID: c0a3711e-6ffb-42b3-b47e-8322e97e59e7 /api/v1/shop/logout -- POST -- Invalid userID
14-January-2024	12:57:49 ----- UID: c01e3b07-e3cf-451a-9bdc-82d260f64c3f /api/v1/shop/logout -- POST -- Invalid userID
14-January-2024	12:58:07 ----- UID: 7caaf82f-6421-4e1d-8898-f52b4b5528c2 /api/v1/shop/logout -- POST -- Invalid userID
14-January-2024	12:58:47 ----- UID: ee9e6d4d-348c-40a0-8101-2cba347008a9 /api/v1/shop/logout -- POST -- Invalid userID
14-January-2024	12:59:55 ----- UID: 42c2c96d-4dad-4253-b4da-b8723e784b1e /api/v1/shop/logout -- POST -- Invalid userID
14-January-2024	13:00:23 ----- UID: 2c99dc0b-d9e6-4fa9-898c-c92c5f01f86b /api/v1/shop/logout -- POST -- Invalid userID
14-January-2024	13:02:13 ----- UID: c6990662-2436-4f7b-9197-b32c2b75aa04 /api/v1/shop/logout -- POST -- Invalid userID
14-January-2024	13:02:50 ----- UID: 99cc40d9-d8f2-4bf6-8c85-0ce6a1f43055 /api/v1/shop/logout -- POST -- Invalid userID
14-January-2024	13:05:42 ----- UID: 84a46a4f-c5cf-4da1-9e90-7119b3297634 /api/v1/shop/logout -- POST -- Invalid userID
14-January-2024	13:05:42 ----- UID: e1210639-2e9c-4370-99e6-90753ace7716 /api/v1/shop/logout -- POST -- Invalid userID
14-January-2024	13:06:05 ----- UID: bf3b2188-8c05-4a7e-9917-21d0e3335d86 /api/v1/shop/logout -- POST -- Invalid userID
14-January-2024	13:06:19 ----- UID: 59095755-e893-4b61-a4e4-bc3dfa65cccf /api/v1/shop/logout -- POST -- Invalid userID
14-January-2024	13:06:20 ----- UID: 0205119d-3d87-4102-93fd-fe6223121b3a /api/v1/shop/logout -- POST -- Invalid userID
14-January-2024	13:06:20 ----- UID: dcacf958-d429-4df3-a534-d6dface91363 /api/v1/shop/logout -- POST -- Invalid userID
14-January-2024	13:06:21 ----- UID: e0ddc8be-d0a9-4903-b2da-0ac4459e9007 /api/v1/shop/logout -- POST -- Invalid userID
14-January-2024	13:06:24 ----- UID: 41f3dc78-16a3-46a0-a584-9053b9599a56 /api/v1/shop/logout -- POST -- Invalid userID
14-January-2024	13:07:10 ----- UID: b3c0d5df-c0bb-4a2e-968a-cde9c3aa3236 /api/v1/shop/logout -- POST -- Invalid userID
14-January-2024	13:12:36 ----- UID: 1b09c4e3-c808-4613-991e-0fef1e2bf7ab /api/v1/shop/logout -- POST -- Invalid userID
14-January-2024	13:12:55 ----- UID: b74ff111-9c2c-462f-aac8-5f62e9a77baf /api/v1/shop/logout -- POST -- Invalid userID
14-January-2024	13:12:55 ----- UID: 94e69447-b6e9-4e3f-b17c-b44e5b75e1dd /api/v1/shop/logout -- POST -- Invalid userID
14-January-2024	13:12:56 ----- UID: f9cccf5f-ddc2-4734-9c24-17dc4a30dc6c /api/v1/shop/logout -- POST -- Invalid userID
14-January-2024	13:13:37 ----- UID: 55353579-eb34-47d2-8147-630160cdf3e8 /api/v1/shop/signup -- POST -- Shop is already registered
14-January-2024	13:15:27 ----- UID: 291cff74-9946-4185-931b-3a9b4a44c496 /api/v1/shop/logout -- POST -- Invalid userID
14-January-2024	13:15:28 ----- UID: fe7602bd-bf65-4fde-b94c-531ad383b323 /api/v1/shop/logout -- POST -- Invalid userID
14-January-2024	13:15:28 ----- UID: 6fb2043b-9a42-420d-95ad-544447ac8af4 /api/v1/shop/logout -- POST -- Invalid userID
14-January-2024	13:15:29 ----- UID: 681c8260-7905-4186-a1a2-dcd58dda3919 /api/v1/shop/logout -- POST -- Invalid userID
14-January-2024	13:15:29 ----- UID: 1d2aff5b-dca0-4267-8551-bb835a13af3b /api/v1/shop/logout -- POST -- Invalid userID
14-January-2024	13:15:30 ----- UID: 1499817c-96b3-44b6-bd61-990c0d8179d1 /api/v1/shop/logout -- POST -- Invalid userID
14-January-2024	13:15:30 ----- UID: ad0f763a-c6f4-4d56-90a6-28ef75ca3ce1 /api/v1/shop/logout -- POST -- Invalid userID
14-January-2024	13:15:31 ----- UID: 0fa0a394-4b1e-40e3-ae69-452d6facd1a2 /api/v1/shop/logout -- POST -- Invalid userID
14-January-2024	13:15:32 ----- UID: 5a5e6f09-fd18-418b-b66f-d4bce5d71c08 /api/v1/shop/logout -- POST -- Invalid userID
14-January-2024	13:15:32 ----- UID: 18dccbdb-331f-4ec5-b453-ba75bc54393a /api/v1/shop/logout -- POST -- Invalid userID
14-January-2024	13:15:32 ----- UID: dad9a6fb-c951-40cd-ba4e-cb4160d612d0 /api/v1/shop/logout -- POST -- Invalid userID
14-January-2024	13:15:36 ----- UID: d4e28ba7-9d7c-47eb-b003-d8cc44abab7b /api/v1/shop/logout -- POST -- Invalid userID
14-January-2024	13:17:08 ----- UID: 158e7e36-4f33-470e-9b44-cabd4ee932e6 /api/v1/shop/logout -- POST -- Invalid userID
14-January-2024	13:17:40 ----- UID: 3d08fcec-7553-44f9-943b-f89fe303c969 /api/v1/shop/logout -- POST -- Invalid userID
14-January-2024	13:18:04 ----- UID: d102f5eb-849d-43e2-abfe-610fd1ad75c9 /api/v1/shop/logout -- POST -- Invalid userID
14-January-2024	13:25:03 ----- UID: 1515b71c-5cca-4e46-9b66-e1c2af9439d3 /api/v1/shop/logout -- POST -- Invalid userID
14-January-2024	13:25:04 ----- UID: 142eb5b1-850d-402a-83e2-647d61a82167 /api/v1/shop/logout -- POST -- Invalid userID
14-January-2024	13:25:04 ----- UID: a64f746e-2bcb-49e0-8014-b25eb1a7248f /api/v1/shop/logout -- POST -- Invalid userID
14-January-2024	13:25:05 ----- UID: e8dbda33-fb03-4f9b-b4b0-9b58a67c4db6 /api/v1/shop/logout -- POST -- Invalid userID
14-January-2024	13:25:06 ----- UID: 98c4769b-6973-4890-a4d0-35d1ab88e28c /api/v1/shop/logout -- POST -- Invalid userID
14-January-2024	13:25:06 ----- UID: 76775e3a-ef0e-437f-bd8c-d69c56f33515 /api/v1/shop/logout -- POST -- Invalid userID
14-January-2024	13:25:07 ----- UID: 9b8b4e91-7c85-40e1-a2ea-3683c0d7bf9c /api/v1/shop/logout -- POST -- Invalid userID
14-January-2024	13:26:07 ----- UID: 19e55246-8cca-44fb-8049-edb8b45f7b90 /api/v1/shop/logout -- POST -- Invalid userID
14-January-2024	13:27:55 ----- UID: 3b4248a2-40e0-4d9b-ab31-b3999c925dde /api/v1/shop/logout -- POST -- Invalid userID
14-January-2024	13:34:03 ----- UID: d09ddd93-2f11-4dcb-8344-b827faa07e2e /api/v1/shop/signup -- POST -- Shop is already registered
14-January-2024	13:36:35 ----- UID: 6730764e-5790-4b97-9a4d-f701def00a59 /api/v1/shop/logout -- POST -- Invalid userID
14-January-2024	13:36:37 ----- UID: 72d72503-b5ef-4f25-bca3-bff287e9cdf8 /api/v1/shop/logout -- POST -- Invalid userID
14-January-2024	13:36:37 ----- UID: 9c41687c-dbca-49fd-88e4-0757e3e9a045 /api/v1/shop/logout -- POST -- Invalid userID
14-January-2024	13:36:37 ----- UID: 75af5f98-d613-4053-b0c5-0237cb686fc7 /api/v1/shop/logout -- POST -- Invalid userID
14-January-2024	13:36:38 ----- UID: cc8ff5d2-2df9-43f0-a097-91676132b3ae /api/v1/shop/logout -- POST -- Invalid userID
14-January-2024	13:36:39 ----- UID: 4d2e7e38-3dbd-4ddd-aa87-c388f937eacd /api/v1/shop/logout -- POST -- Invalid userID
14-January-2024	13:36:40 ----- UID: ca88d4ee-076a-489f-8f8b-6eb2713e4f2b /api/v1/shop/logout -- POST -- Invalid userID
14-January-2024	13:36:40 ----- UID: a28f0846-01c9-411c-93b9-a1b27ac14228 /api/v1/shop/logout -- POST -- Invalid userID
14-January-2024	13:36:41 ----- UID: e116c93b-d103-41b3-8819-0c29f743a3db /api/v1/shop/logout -- POST -- Invalid userID
14-January-2024	13:36:42 ----- UID: 5f5da574-4286-4340-a850-a7fdf685a666 /api/v1/shop/logout -- POST -- Invalid userID
14-January-2024	13:36:43 ----- UID: 15a39372-ba72-4ef0-a986-d9f08a0e4faa /api/v1/shop/logout -- POST -- Invalid userID
14-January-2024	13:36:44 ----- UID: 3cea5902-3bf3-4d5f-ac2b-14fdd1ca98cd /api/v1/shop/logout -- POST -- Invalid userID
14-January-2024	13:37:25 ----- UID: 3bca5942-77da-4f7d-b048-143c95dd4be4 /api/v1/shop/logout -- POST -- Invalid userID
14-January-2024	13:37:40 ----- UID: fb0fbebd-3449-48f6-b8a8-27c87126298a /api/v1/shop/signup -- POST -- Shop is already registered
14-January-2024	13:38:46 ----- UID: 6566e8e1-0ee8-4617-a4f2-985dd1b503c7 /api/v1/shop/logout -- POST -- Invalid userID
14-January-2024	13:40:07 ----- UID: d876fb8e-0f70-405b-8efc-41e209a4506f /api/v1/shop/logout -- POST -- Invalid userID
14-January-2024	13:42:19 ----- UID: 8c8b6055-a0ce-41de-9932-9e2741156bb0 /api/v1/shop/logout -- POST -- Invalid userID
14-January-2024	13:42:19 ----- UID: bb3b86ae-3d4f-4b8b-8f81-e0ed63a1e35c /api/v1/shop/logout -- POST -- Invalid userID
14-January-2024	13:42:20 ----- UID: 862c8329-ca86-4d81-adf1-7fcb47f593f6 /api/v1/shop/logout -- POST -- Invalid userID
14-January-2024	13:42:20 ----- UID: c9f1b333-a876-49ff-ae6a-bfcfc7904c25 /api/v1/shop/logout -- POST -- Invalid userID
14-January-2024	13:42:20 ----- UID: 3e1ec820-9b52-4a2b-8561-2fdf6d2b9e38 /api/v1/shop/logout -- POST -- Invalid userID
14-January-2024	13:42:21 ----- UID: bbc8d562-eebf-4800-b4b1-ed0a8c7616f3 /api/v1/shop/logout -- POST -- Invalid userID
14-January-2024	13:42:21 ----- UID: 7fbe74bb-d884-4056-adea-ede0fc7b62b5 /api/v1/shop/logout -- POST -- Invalid userID
14-January-2024	13:42:21 ----- UID: 5edf64cb-527b-4577-bf88-771d9a65de8b /api/v1/shop/logout -- POST -- Invalid userID
14-January-2024	13:42:22 ----- UID: 5412675f-e077-49db-b8be-5ccb3fcbc40b /api/v1/shop/logout -- POST -- Invalid userID
14-January-2024	13:42:22 ----- UID: e4fed561-54f2-4786-9cf4-88efc5b04548 /api/v1/shop/logout -- POST -- Invalid userID
14-January-2024	13:44:13 ----- UID: 3b2595d4-f114-4a43-97a6-3c53e0701302 /api/v1/shop/logout -- POST -- Invalid userID
14-January-2024	13:44:14 ----- UID: 43f62366-1cb6-4a15-bdfe-accc323bda87 /api/v1/shop/logout -- POST -- Invalid userID
14-January-2024	13:44:22 ----- UID: dcc9faca-1965-4a85-a10b-7f0d5ed9abf0 /api/v1/shop/logout -- POST -- Invalid userID
14-January-2024	13:48:57 ----- UID: df5e5851-cde1-4db5-b460-f85f2cbfb98f /api/v1/shop/logout -- POST -- Invalid userID
14-January-2024	13:49:38 ----- UID: 4350691a-2525-4801-9154-69f3f44ec4d2 /api/v1/shop/logout -- POST -- Not found keyStore
14-January-2024	13:49:53 ----- UID: 8ccda089-d6a9-429a-8a30-dfae40ad0553 /api/v1/shop/logout -- POST -- invalid signature
14-January-2024	14:17:43 ----- UID: 5c0bc424-b4d2-4afa-89dc-fe2664983bd7 /api/v1/shop/refresh-token -- POST -- Invalid request
14-January-2024	14:18:38 ----- UID: b4138808-5030-4fa2-be86-4b1278914f45 /api/v1/shop/refresh-token -- POST -- Invalid request
14-January-2024	14:19:10 ----- UID: 2071478f-305d-4956-9006-74f0437e5bc1 /api/v1/shop/refresh-token -- POST -- Invalid request
14-January-2024	14:20:20 ----- UID: 502fb4ec-4348-41c2-ac2f-9d906d02074f /api/v1/shop/refresh-token -- POST -- Invalid request
14-January-2024	14:21:14 ----- UID: e8cf7fa3-0b44-4ace-8fc0-8a3a90e4202c /api/v1/shop/refresh-token -- POST -- Invalid request
14-January-2024	14:21:24 ----- UID: dd7bd899-3546-4ce5-8c46-f6e706f691ac /api/v1/shop/refresh-token -- POST -- Invalid request
14-January-2024	14:23:01 ----- UID: fcd7a845-5bd2-48eb-8b5a-e694be5b7a59 /api/v1/shop/logout -- POST -- Invalid userID
14-January-2024	14:23:21 ----- UID: bbccdca1-6054-4d30-93d8-e3a706786da4 /api/v1/shop/logout -- POST -- Invalid userID
14-January-2024	14:23:22 ----- UID: a85705dd-34c8-4a49-a514-3f1626f23b6c /api/v1/shop/logout -- POST -- Invalid userID
14-January-2024	14:23:22 ----- UID: a1c8f8a0-db19-4b2c-b478-87c095a2de64 /api/v1/shop/logout -- POST -- Invalid userID
14-January-2024	14:24:19 ----- UID: b4ab4b1c-d6a4-4667-bf79-7e5d6a688c36 /api/v1/shop/refresh-token -- POST -- Not found keyStore
14-January-2024	14:24:43 ----- UID: c29af909-238f-4dd5-9c11-de381f830c6d /api/v1/shop/refresh-token -- POST -- Not found keyStore
14-January-2024	14:24:45 ----- UID: fb8cd35b-f7d0-47be-8ab2-2e3f22ae2f01 /api/v1/shop/refresh-token -- POST -- Not found keyStore
14-January-2024	14:24:50 ----- UID: 648ca87f-6b67-4ef1-8e90-1b274a6f4dca /api/v1/shop/refresh-token -- POST -- Not found keyStore
14-January-2024	14:29:21 ----- UID: 1f3d6e05-dde3-4fe9-a9cc-599f85124e69 /api/v1/shop/refresh-token -- POST -- Something went wrong, please re login
14-January-2024	14:29:30 ----- UID: debc4f58-b95f-48c8-87c6-f0862d9b0fd6 /api/v1/shop/refresh-token -- POST -- Invalid request
14-January-2024	20:59:49 ----- UID: 35fae0d1-0e9a-4f56-a5b7-900909cb5f20 /api/v1/product/create -- POST -- Invalid request
15-January-2024	07:29:44 ----- UID: ea38faa0-3d54-4383-b39c-f938de6d767f /api/v1/product/create -- POST -- Product has already existed
15-January-2024	07:30:15 ----- UID: 53b43ab5-94de-40f5-90fb-0668686c905f /api/v1/product/create -- POST -- Product has already existed
15-January-2024	07:34:28 ----- UID: a2eb4a0a-a9bf-432a-8724-fa0deb47d8d6 /api/v1/product/create -- POST -- Product has already existed
15-January-2024	07:34:50 ----- UID: 51164a9e-ff44-4c13-85e3-7268b4de69fb /api/v1/product/create -- POST -- Product has already existed
15-January-2024	07:42:31 ----- UID: 8f64cebe-e5bb-4939-9724-7f5c1263bba6 /api/v1/product/create -- POST -- Product has already existed
15-January-2024	07:57:27 ----- UID: 47d83545-a935-457d-9d7f-c062f64c0fc0 /api/v1/product/publish/65a3e8eaa0e55cc697b53a31 -- POST -- req is not defined
15-January-2024	11:16:06 ----- UID: 3861afae-9c7e-4e0a-8406-d88acd90e404 /api/v1/product/65a4af9e6ce3c89edb196946 -- GET -- foundProduct.select is not a function
15-January-2024	11:22:12 ----- UID: ac88eaa1-d158-41ce-9117-e7f3520468eb /api/v1/product/search/jojo -- GET -- {(intermediate value)(intermediate value)}.sort is not a function
15-January-2024	11:29:06 ----- UID: 92e679b5-0d05-435a-bfe5-3b3f35b7fca9 /api/v1/product/update/65a4b4089826c15520c04490 -- PATCH -- Invalid Product type: 
15-January-2024	11:29:23 ----- UID: e265f2aa-01b6-48e8-a636-e64c35242197 /api/v1/product/update/65a4b4089826c15520c04490 -- PATCH -- Expected ',' or '}' after property value in JSON at position 34
15-January-2024	13:21:49 ----- UID: 55448582-07d3-48f9-b78f-3a6fbbd16fda /api/v1/product/create -- POST -- Invalid Product type: 
15-January-2024	13:23:46 ----- UID: a08a25f8-c429-41aa-a32b-1d40f73fb725 /api/v1/discount/create -- POST -- start_day is not defined
15-January-2024	13:24:40 ----- UID: 9e5b9a60-32ff-4e01-badd-c6d4735ffc22 /api/v1/discount/create -- POST -- code is not defined
15-January-2024	13:29:10 ----- UID: 90a0d9f0-1a74-4d29-9be0-dd4bc1c6d124 /api/v1/discount/codes/all -- GET -- Cannot read properties of undefined (reading 'find')
15-January-2024	13:31:16 ----- UID: db5c8dbc-dd73-4813-8601-f4cb6efb2b80 /api/v1/discount/create -- POST -- Discount code existed!
15-January-2024	16:12:40 ----- UID: cc1178da-9420-4ef2-8842-7d164884a234 /api/v1/cart -- POST -- Path "card_user_id" is not in schema, strict mode is `true`, and upsert is `true`.
15-January-2024	16:13:18 ----- UID: 8f33a445-aa30-43b9-9377-d0962e62f096 /api/v1/cart -- POST -- Path "card_user_id" is not in schema, strict mode is `true`, and upsert is `true`.
15-January-2024	16:14:19 ----- UID: a534342e-a936-4cf1-b5ef-c6e35ec53ec9 /api/v1/cart -- POST -- Path "card_user_id" is not in schema, strict mode is `true`, and upsert is `true`.
15-January-2024	16:33:09 ----- UID: 59ff9a91-4a49-4bf0-9f39-67c7512e3564 /api/v1/cart -- POST -- cart_products is not defined
15-January-2024	16:33:37 ----- UID: 1bd1d5af-8f2d-48db-a560-2aba9423a0f3 /api/v1/cart -- POST -- cart_products is not defined
15-January-2024	16:35:41 ----- UID: 97cd3256-ccfe-455a-96ee-f6ac4cbf098a /api/v1/cart -- POST -- cart_products is not defined
15-January-2024	16:36:29 ----- UID: 9d64f39f-4736-47c1-a5eb-ad5384f8c9de /api/v1/cart -- POST -- Cannot read properties of null (reading 'cart_products')
15-January-2024	16:37:03 ----- UID: 954ed50b-58e8-4639-b715-d1fde44d1102 /api/v1/cart -- POST -- cart_products is not defined
15-January-2024	16:37:55 ----- UID: eeb7a55f-e188-4b26-99c6-c88549300cc1 /api/v1/cart -- POST -- Cast to Number failed for value "$.cart_products.length" (type string) at path "cart_count_products"
15-January-2024	16:44:20 ----- UID: 4fe6ae24-7d4c-46d9-b92f-c94ec7d508fc /api/v1/cart/update -- POST -- convertToObjectIDMongo is not defined
15-January-2024	16:45:02 ----- UID: 0cc51828-6bfc-4789-9dfd-82d5eebb9ae3 /api/v1/cart/update -- POST -- convertToObjectIDMongo is not defined
15-January-2024	16:45:25 ----- UID: c67a92fd-2454-4b6e-9dae-427986c9f4d9 /api/v1/cart/update -- POST -- convertToObjectIDMongo is not defined
15-January-2024	19:45:42 ----- UID: 2914d680-0f34-48f0-9004-bc9ec91b3bde /api/v1/cart/update -- POST -- Cannot destructure property 'product_id' of '(intermediate value)' as it is undefined.
15-January-2024	21:26:08 ----- UID: 99b29fc2-0f59-4c32-afd5-cbe2fc17e351 /api/v1/order -- POST -- Expected ':' after property name in JSON at position 1068
15-January-2024	21:26:33 ----- UID: 022d46fc-fb4f-4497-9c8b-b0782a8ddcce /api/v1/order -- POST -- jwt expired
15-January-2024	21:26:35 ----- UID: 11927b2d-8ac6-49c9-a382-320ac84910ab /api/v1/order -- POST -- jwt expired
15-January-2024	21:26:37 ----- UID: 875e9431-fe31-48ea-abf6-307e96353269 /api/v1/order -- POST -- jwt expired
15-January-2024	21:26:57 ----- UID: 586149f9-d9a1-4cdb-a174-fdd0d0cfec3c /api/v1/shop/refresh-token -- POST -- Invalid request
15-January-2024	21:28:30 ----- UID: 9f796bb2-80b3-42d0-9282-aa30382a39b2 /api/v1/order -- POST -- Invalid userID
15-January-2024	21:28:40 ----- UID: ab7493c2-a558-4a24-a399-c1b57bfe3901 /api/v1/order -- POST -- Invalid userID
15-January-2024	21:29:16 ----- UID: 4acfa2fa-a46b-4ed6-9cb2-ec80bcd03792 /api/v1/order -- POST -- Invalid userID
15-January-2024	21:30:04 ----- UID: a8b2773e-223d-4ac2-8b76-99c6df111656 /api/v1/order -- POST -- Invalid userID
15-January-2024	21:31:25 ----- UID: 4daa8993-6954-4b25-8c62-907dd48bcca2 /api/v1/order -- POST -- Invalid userID
15-January-2024	21:31:50 ----- UID: 610ab1cd-0cb4-4c03-855b-f833fc70c8f1 /api/v1/order/review -- POST -- jwt expired
15-January-2024	21:31:54 ----- UID: 549985e1-585e-4f19-b526-601de3758a8f /api/v1/order -- POST -- Invalid userID
15-January-2024	21:32:45 ----- UID: 8e376360-472f-49d9-802c-9bc43e24c81c /api/v1/order -- POST -- Invalid userID
15-January-2024	21:33:06 ----- UID: c00cd680-e340-4f0b-aa67-1ef569efaf5c /api/v1/order -- POST -- Invalid userID
15-January-2024	21:33:10 ----- UID: e379f6d6-72cc-465e-98a3-173508e718f8 /api/v1/order -- POST -- Invalid userID
15-January-2024	21:33:23 ----- UID: 7d5ab2fa-f9b1-44e4-bcb5-c1b7f299ec43 /api/v1/order -- POST -- Invalid userID
15-January-2024	21:34:08 ----- UID: 7ee43af8-7889-4464-90b9-4b8d5716f522 /api/v1/order -- POST -- Invalid userID
15-January-2024	21:36:15 ----- UID: 5801ab95-e33f-4420-ad34-b0083f81ef60 /api/v1/order -- POST -- Invalid userID
15-January-2024	21:36:47 ----- UID: 41c59d78-a59a-4a75-92fe-cafd1c25fe51 /api/v1/order -- POST -- Invalid userID
15-January-2024	21:37:16 ----- UID: eb8f0538-ec60-414a-b3be-eebaa2fc2d7a /api/v1/order -- POST -- Invalid userID
15-January-2024	21:37:56 ----- UID: c78058e9-e79b-4415-b7e9-211d86e6274d /api/v1/order -- POST -- Invalid userID
15-January-2024	21:38:12 ----- UID: 7ab806f7-3273-4bbe-ae2e-c67714a388ac /api/v1/order -- POST -- Invalid userID
15-January-2024	21:38:14 ----- UID: 83224d11-26fd-4296-bdfc-44184a277841 /api/v1/order -- POST -- Invalid userID
15-January-2024	21:38:27 ----- UID: 73a02565-a6d8-49ae-91af-b2fcb8fc0ac9 /api/v1/order -- POST -- Invalid userID
15-January-2024	21:39:19 ----- UID: 3169c4e0-1c36-4a0a-a6aa-19d68f2c861c /api/v1/order -- POST -- Invalid userID
15-January-2024	21:39:57 ----- UID: b290325a-13bf-4911-93b4-094b335b34d6 /api/v1/order -- POST -- Invalid userID
15-January-2024	21:41:51 ----- UID: 74e0c756-2bb6-4154-871f-7f56f8c36481 /api/v1/order -- POST -- Invalid userID
15-January-2024	21:43:24 ----- UID: 36906148-fd8b-4bbd-899a-26d8764a4f05 /api/v1/order -- POST -- Invalid userID
15-January-2024	21:44:39 ----- UID: 6514798e-5c38-4a54-9546-a899575bfee1 /api/v1/order -- POST -- Invalid userID
15-January-2024	21:44:44 ----- UID: a3a83264-f41a-43f2-815c-0d8c6f4bacda /api/v1/order -- POST -- Invalid userID
15-January-2024	21:44:45 ----- UID: 9aad83aa-52f2-421f-b6a4-a5c88f591c3b /api/v1/order -- POST -- Invalid userID
15-January-2024	21:44:53 ----- UID: e29119e7-22ec-46e5-8918-e1173b04a7a9 /api/v1/order -- POST -- Invalid userID
15-January-2024	21:45:58 ----- UID: e1d0d8ce-570f-4d5b-a4d2-1f0bb1911569 /api/v1/shop/refresh-token -- POST -- Something went wrong, please re-login
15-January-2024	21:47:09 ----- UID: 2c88c774-683b-4f19-b784-818040b8f199 /api/v1/shop/refresh-token -- POST -- Invalid request
15-January-2024	21:47:10 ----- UID: 7a88a7d5-f22b-46c2-b1b7-6e488c7c539c /api/v1/shop/refresh-token -- POST -- Invalid request
15-January-2024	21:59:03 ----- UID: 3146ca5b-abb2-446b-ab85-7e7b256fa9a2 /api/v1/order -- POST -- 
15-January-2024	21:59:11 ----- UID: 36525f6d-3bb1-41ef-84cd-94bbe1c24922 /api/v1/order -- POST -- Socket already opened
15-January-2024	21:59:13 ----- UID: e0875a87-8346-4c72-b426-8e2fa0b73adc /api/v1/order -- POST -- Socket already opened
15-January-2024	21:59:14 ----- UID: 6f1fce9e-79b3-48d0-8b7a-384a42f5c2c2 /api/v1/order -- POST -- Socket already opened
15-January-2024	21:59:15 ----- UID: 6de6515b-0ac4-4d36-b1a0-dc8d644c7996 /api/v1/order -- POST -- Socket already opened
15-January-2024	21:59:16 ----- UID: a4b2ac82-e541-4de0-b387-3a1a441f7058 /api/v1/order -- POST -- Socket already opened
15-January-2024	22:00:54 ----- UID: 36de6a4d-2e7a-40b3-97b5-316ed14c8890 /api/v1/order -- POST -- Socket already opened
15-January-2024	22:05:58 ----- UID: 4cfb5b02-2bda-4dd1-a516-eddea5b76f3a /api/v1/order -- POST -- 
15-January-2024	22:06:00 ----- UID: d838cc19-b182-4174-bb69-061ac1d0a860 /api/v1/order -- POST -- Socket already opened
15-January-2024	22:06:01 ----- UID: d4f80ef2-85ea-4369-80cb-fd0ac2694e05 /api/v1/order -- POST -- Socket already opened
15-January-2024	22:06:02 ----- UID: a0e8c1fe-b68c-4e28-a2d1-08d3a6b6f277 /api/v1/order -- POST -- Socket already opened
15-January-2024	22:06:02 ----- UID: e7376afc-6d1c-4074-8119-d71fa75db80d /api/v1/order -- POST -- Socket already opened
15-January-2024	22:06:02 ----- UID: a46badc8-e7e0-4b8c-899f-1bb852b457de /api/v1/order -- POST -- Socket already opened
15-January-2024	22:06:03 ----- UID: 0ac85622-08fb-4b62-9403-59bf868b4fb4 /api/v1/order -- POST -- Socket already opened
15-January-2024	22:06:04 ----- UID: a18b9035-532e-46f7-8932-64ffd6c44994 /api/v1/order -- POST -- Socket already opened
15-January-2024	22:06:32 ----- UID: cbadfbd1-f018-40ec-993f-9c02350b1c5c /api/v1/order -- POST -- 
15-January-2024	22:07:02 ----- UID: 18dc8dde-0fb4-420a-9776-0258233825fc /api/v1/order -- POST -- 
15-January-2024	22:07:05 ----- UID: f0bf2790-332a-4ee8-9baa-9ea645358e37 /api/v1/order -- POST -- Socket already opened
15-January-2024	22:07:15 ----- UID: dc264147-e33b-47c5-83dd-9c72f9ad6a2c /api/v1/order -- POST -- 
15-January-2024	22:07:17 ----- UID: 4b6ebc91-9380-4df3-8589-854c87fc74c1 /api/v1/order -- POST -- Socket already opened
15-January-2024	22:17:00 ----- UID: 626b7a32-7352-41ad-b0fc-db6b67ed5b6f /api/v1/order -- POST -- Some products have been updated recently. please try again
15-January-2024	22:19:15 ----- UID: a3813143-8dbc-4fb3-a860-5dd164ec03db /api/v1/inventory -- POST -- invalid signature
16-January-2024	08:49:11 ----- UID: 0b7b0a8d-58b6-4283-af1f-cd668cfd342e /api/v1/order -- GET -- Cast to Number failed for value "65a37b046d6199828898f004" (type string) at path "order_user_id" for model "Order"
16-January-2024	08:52:45 ----- UID: 11796a7c-db0c-40eb-a223-23f3afb36ebf /api/v1/order -- POST -- Cart does not exist
16-January-2024	08:53:59 ----- UID: 3addc32a-3cdc-4faa-9016-959ca46ab637 /api/v1/order -- POST -- Cart does not exist
16-January-2024	08:54:48 ----- UID: 14d2d4f9-4139-4663-9870-c4e2b8a8e96b /api/v1/order/find -- POST -- input must be a 24 character hex string, 12 byte Uint8Array, or an integer
16-January-2024	09:01:12 ----- UID: 7794d85e-6468-42c2-baba-5fc9df1ebdf1 /api/v1/order/cancel -- POST -- foundOrder.save is not a function
16-January-2024	09:02:29 ----- UID: 8c4982b9-b867-4c5f-a099-0c762402f2bc /api/v1/order/cancel -- POST -- Order is not found
16-January-2024	09:03:25 ----- UID: 31925e33-de7a-4129-b520-99d9e3c4f5e8 /api/v1/order/cancel -- POST -- Order is not found
16-January-2024	09:03:43 ----- UID: 43ae29d2-ede3-42b0-8912-71c34ecbf0e1 /api/v1/order/cancel -- POST -- Order is not found
16-January-2024	09:03:45 ----- UID: d5eae682-74c4-4cda-8df3-9a03f4fb4a69 /api/v1/order/cancel -- POST -- Order is not found
16-January-2024	09:29:41 ----- UID: f68e6f6d-56b5-4ed6-8fb1-35f6549c11dc /api/v1/order/deleted -- POST -- Order is not found
16-January-2024	09:30:16 ----- UID: 052c5e4e-a1df-46d0-907f-68da5e9cb3f8 /api/v1/order/deleted -- POST -- Order is not found
16-January-2024	09:40:49 ----- UID: 696613b0-aa80-475d-b321-8bedf49d9195 /api/v1/order/deleted -- POST -- OrderModel.findDeleted is not a function
16-January-2024	09:44:16 ----- UID: a69e104d-24b2-49ab-8137-ad538a511a7b /api/v1/order/deleted -- POST -- OrderModel.findWithDeleted is not a function
16-January-2024	09:44:17 ----- UID: e4594e2a-d28c-4021-8ce2-4e2592b7f521 /api/v1/order/deleted -- POST -- OrderModel.findWithDeleted is not a function
16-January-2024	10:35:27 ----- UID: 83af8512-75cb-4623-906c-cb09e0c49fa2 /api/v1/inventory -- POST -- The product does not exist
16-January-2024	10:35:48 ----- UID: 1c71c4de-3566-4cac-8b7a-9639b4f3dc58 /api/v1/inventory -- POST -- Cast to number failed for value "undefined" (type undefined) at path "inven_stock"
